[0111/203636:WARNING:resource_bundle.cc(304)] locale_file_path.empty()
[0111/203636:ERROR:main_delegate.cc(564)] Could not load locale pak for en-US
[0111/203636:ERROR:main_delegate.cc(571)] Could not load cef.pak
[0111/203636:ERROR:main_delegate.cc(588)] Could not load cef_100_percent.pak
[0111/203636:WARNING:resource_bundle.cc(497)] locale resources are not loaded
[0111/203636:WARNING:resource_bundle.cc(304)] locale_file_path.empty()
[0111/203636:ERROR:main_delegate.cc(564)] Could not load locale pak for en-US
[0111/203636:ERROR:main_delegate.cc(571)] Could not load cef.pak
[0111/203636:ERROR:main_delegate.cc(588)] Could not load cef_100_percent.pak
[0111/203642:WARNING:resource_bundle.cc(304)] locale_file_path.empty()
[0111/203642:ERROR:main_delegate.cc(564)] Could not load locale pak for en-US
[0111/203642:ERROR:main_delegate.cc(571)] Could not load cef.pak
[0111/203642:ERROR:main_delegate.cc(588)] Could not load cef_100_percent.pak
[0111/203642:ERROR:renderer_main.cc(207)] Running without renderer sandbox
[0111/203642:WARNING:resource_bundle.cc(304)] locale_file_path.empty()
[0111/203642:ERROR:main_delegate.cc(564)] Could not load locale pak for en-US
[0111/203642:ERROR:main_delegate.cc(571)] Could not load cef.pak
[0111/203642:ERROR:main_delegate.cc(588)] Could not load cef_100_percent.pak
[0111/203642:ERROR:renderer_main.cc(207)] Running without renderer sandbox
[0111/203644:WARNING:resource_bundle.cc(304)] locale_file_path.empty()
[0111/203644:ERROR:main_delegate.cc(564)] Could not load locale pak for en-US
[0111/203644:ERROR:main_delegate.cc(571)] Could not load cef.pak
[0111/203644:ERROR:main_delegate.cc(588)] Could not load cef_100_percent.pak
[0111/203644:ERROR:renderer_main.cc(207)] Running without renderer sandbox
[0111/203736:WARNING:resource_bundle.cc(304)] locale_file_path.empty()
[0111/203736:ERROR:main_delegate.cc(564)] Could not load locale pak for en-US
[0111/203736:ERROR:main_delegate.cc(571)] Could not load cef.pak
[0111/203736:ERROR:main_delegate.cc(588)] Could not load cef_100_percent.pak
[0111/203736:WARNING:resource_bundle.cc(497)] locale resources are not loaded
[0111/203736:WARNING:resource_bundle.cc(304)] locale_file_path.empty()
[0111/203736:ERROR:main_delegate.cc(564)] Could not load locale pak for en-US
[0111/203736:ERROR:main_delegate.cc(571)] Could not load cef.pak
[0111/203736:ERROR:main_delegate.cc(588)] Could not load cef_100_percent.pak
[0111/203740:WARNING:resource_bundle.cc(304)] locale_file_path.empty()
[0111/203740:ERROR:main_delegate.cc(564)] Could not load locale pak for en-US
[0111/203740:ERROR:main_delegate.cc(571)] Could not load cef.pak
[0111/203740:ERROR:main_delegate.cc(588)] Could not load cef_100_percent.pak
[0111/203740:ERROR:renderer_main.cc(207)] Running without renderer sandbox
[0111/203740:WARNING:resource_bundle.cc(304)] locale_file_path.empty()
[0111/203740:ERROR:main_delegate.cc(564)] Could not load locale pak for en-US
[0111/203740:ERROR:main_delegate.cc(571)] Could not load cef.pak
[0111/203740:ERROR:main_delegate.cc(588)] Could not load cef_100_percent.pak
[0111/203740:ERROR:renderer_main.cc(207)] Running without renderer sandbox
[0111/203744:WARNING:resource_bundle.cc(304)] locale_file_path.empty()
[0111/203744:ERROR:main_delegate.cc(564)] Could not load locale pak for en-US
[0111/203744:ERROR:main_delegate.cc(571)] Could not load cef.pak
[0111/203744:ERROR:main_delegate.cc(588)] Could not load cef_100_percent.pak
[0111/203744:ERROR:renderer_main.cc(207)] Running without renderer sandbox
[0111/203947:WARNING:message_in_transit_queue.cc(18)] Destroying nonempty message queue
[0111/203947:WARNING:message_in_transit_queue.cc(18)] Destroying nonempty message queue
